0 info it worked if it ends with ok

1 verbose cli [ '/usr/local/bin/node', '/usr/local/bin/npm', 'run', 'seed.js' ]
2 info using npm@4.1.2
3 info using node@v7.6.0
4 verbose stack Error: missing script: seed.js
4 verbose stack     at run (/usr/local/lib/node_modules/npm/lib/run-script.js:151:19)
4 verbose stack     at /usr/local/lib/node_modules/npm/lib/run-script.js:61:5
4 verbose stack     at /usr/local/lib/node_modules/npm/node_modules/read-package-json/read-json.js:356:5
4 verbose stack     at checkBinReferences_ (/usr/local/lib/node_modules/npm/node_modules/read-package-json/read-json.js:320:45)
4 verbose stack     at final (/usr/local/lib/node_modules/npm/node_modules/read-package-json/read-json.js:354:3)
4 verbose stack     at then (/usr/local/lib/node_modules/npm/node_modules/read-package-json/read-json.js:124:5)
4 verbose stack     at /usr/local/lib/node_modules/npm/node_modules/read-package-json/read-json.js:311:12
4 verbose stack     at /usr/local/lib/node_modules/npm/node_modules/graceful-fs/graceful-fs.js:78:16
4 verbose stack     at tryToString (fs.js:447:3)
4 verbose stack     at FSReqWrap.readFileAfterClose [as oncomplete] (fs.js:434:12)
5 verbose cwd /Users/strangefrond/fsa/Duperset
6 error Darwin 16.4.0
7 error argv "/usr/local/bin/node" "/usr/local/bin/npm" "run" "seed.js"
8 error node v7.6.0
9 error npm  v4.1.2
10 error missing script: seed.js
11 error If you need help, you may report this error at:
11 error     <https://github.com/npm/npm/issues>
12 verbose exit [ 1, true ]

1 verbose cli [ '/usr/local/bin/node',
1 verbose cli   '/usr/local/bin/npm',
1 verbose cli   'run',
1 verbose cli   'build-watch' ]
2 info using npm@4.1.2
3 info using node@v7.6.0
4 verbose run-script [ 'prebuild-watch', 'build-watch', 'postbuild-watch' ]
5 info lifecycle duperset@1.0.0~prebuild-watch: duperset@1.0.0
6 silly lifecycle duperset@1.0.0~prebuild-watch: no script for prebuild-watch, continuing
7 info lifecycle duperset@1.0.0~build-watch: duperset@1.0.0
8 verbose lifecycle duperset@1.0.0~build-watch: unsafe-perm in lifecycle true
9 verbose lifecycle duperset@1.0.0~build-watch: PATH: /usr/local/lib/node_modules/npm/bin/node-gyp-bin:/Users/mandimeidlinger/Desktop/Duperset/node_modules/.bin:/usr/local/bin:/usr/bin:/bin:/usr/sbin:/sbin:/Applications/Postgres.app/Contents/Versions/latest/bin
10 verbose lifecycle duperset@1.0.0~build-watch: CWD: /Users/mandimeidlinger/Desktop/Duperset
11 silly lifecycle duperset@1.0.0~build-watch: Args: [ '-c', 'webpack -w' ]
12 silly lifecycle duperset@1.0.0~build-watch: Returned: code: 1  signal: null
13 info lifecycle duperset@1.0.0~build-watch: Failed to exec build-watch script
14 verbose stack Error: duperset@1.0.0 build-watch: `webpack -w`
14 verbose stack Exit status 1
14 verbose stack     at EventEmitter.<anonymous> (/usr/local/lib/node_modules/npm/lib/utils/lifecycle.js:279:16)
14 verbose stack     at emitTwo (events.js:106:13)
14 verbose stack     at EventEmitter.emit (events.js:192:7)
14 verbose stack     at ChildProcess.<anonymous> (/usr/local/lib/node_modules/npm/lib/utils/spawn.js:40:14)
14 verbose stack     at emitTwo (events.js:106:13)
14 verbose stack     at ChildProcess.emit (events.js:192:7)
14 verbose stack     at maybeClose (internal/child_process.js:890:16)
14 verbose stack     at Process.ChildProcess._handle.onexit (internal/child_process.js:226:5)
15 verbose pkgid duperset@1.0.0
16 verbose cwd /Users/mandimeidlinger/Desktop/Duperset
17 error Darwin 14.5.0
18 error argv "/usr/local/bin/node" "/usr/local/bin/npm" "run" "build-watch"
19 error node v7.6.0
20 error npm  v4.1.2
21 error code ELIFECYCLE
22 error duperset@1.0.0 build-watch: `webpack -w`
22 error Exit status 1
23 error Failed at the duperset@1.0.0 build-watch script 'webpack -w'.
23 error Make sure you have the latest version of node.js and npm installed.
23 error If you do, this is most likely a problem with the duperset package,
23 error not with npm itself.
23 error Tell the author that this fails on your system:
23 error     webpack -w
23 error You can get information on how to open an issue for this project with:
23 error     npm bugs duperset
23 error Or if that isn't available, you can get their info via:
23 error     npm owner ls duperset
23 error There is likely additional logging output above.
24 verbose exit [ 1, true ]

